{"numFailedTestSuites":1,"numFailedTests":1,"numPassedTestSuites":0,"numPassedTests":0,"numPendingTestSuites":0,"numPendingTests":0,"numRuntimeErrorTestSuites":0,"numTotalTestSuites":1,"numTotalTests":1,"openHandles":[],"snapshot":{"added":0,"didUpdate":false,"failure":false,"filesAdded":0,"filesRemoved":0,"filesUnmatched":0,"filesUpdated":0,"matched":0,"total":0,"unchecked":0,"uncheckedKeysByFile":[],"unmatched":0,"updated":0},"startTime":1542020775625,"success":false,"testResults":[{"console":null,"failureMessage":"\u001b[1m\u001b[31m  \u001b[1m● \u001b[1m.test div should have a margin of 50px to the left\u001b[39m\u001b[22m\n\n    \u001b[2mexpect(\u001b[22m\u001b[31mreceived\u001b[39m\u001b[2m).toEqual(\u001b[22m\u001b[32mexpected\u001b[39m\u001b[2m)\u001b[22m\n\n    Expected value to equal:\n      \u001b[32m\"40px\"\u001b[39m\n    Received:\n      \u001b[31m\"50px\"\u001b[39m\n\u001b[2m\u001b[22m\n\u001b[2m    \u001b[0m \u001b[90m 18 | \u001b[39mit(\u001b[32m'.test div should have a margin of 50px to the left'\u001b[39m\u001b[33m,\u001b[39m () \u001b[33m=>\u001b[39m {\u001b[0m\u001b[22m\n\u001b[2m    \u001b[0m \u001b[90m 19 | \u001b[39m  let testDiv \u001b[33m=\u001b[39m window\u001b[33m.\u001b[39mdocument\u001b[33m.\u001b[39mquerySelector(\u001b[32m'.test'\u001b[39m)\u001b[33m;\u001b[39m\u001b[0m\u001b[22m\n\u001b[2m    \u001b[0m\u001b[31m\u001b[1m>\u001b[2m\u001b[39m\u001b[90m 20 | \u001b[39m  expect(window\u001b[33m.\u001b[39mgetComputedStyle(testDiv)\u001b[33m.\u001b[39m_values[\u001b[32m'margin-left'\u001b[39m])\u001b[33m.\u001b[39mtoEqual(\u001b[32m'40px'\u001b[39m)\u001b[33m;\u001b[39m\u001b[0m\u001b[22m\n\u001b[2m    \u001b[0m \u001b[90m    | \u001b[39m                                                                  \u001b[31m\u001b[1m^\u001b[2m\u001b[39m\u001b[0m\u001b[22m\n\u001b[2m    \u001b[0m \u001b[90m 21 | \u001b[39m})\u001b[33m;\u001b[39m\u001b[0m\u001b[22m\n\u001b[2m\u001b[22m\n\u001b[2m      \u001b[2mat Object.toEqual (\u001b[2m\u001b[0m\u001b[36m.guides/.test/ex-1.test.js\u001b[39m\u001b[0m\u001b[2m:20:67)\u001b[2m\u001b[22m\n","numFailingTests":1,"numPassingTests":0,"numPendingTests":0,"perfStats":{"end":1542020778403,"start":1542020776450},"snapshot":{"added":0,"fileDeleted":false,"matched":0,"unchecked":0,"unmatched":0,"updated":0,"uncheckedKeys":[]},"testFilePath":"/Users/tal/Documents/Projects/css-positioning/.guides/.test/ex-1.test.js","testResults":[{"ancestorTitles":[],"duration":51,"failureMessages":["Error: \u001b[2mexpect(\u001b[22m\u001b[31mreceived\u001b[39m\u001b[2m).toEqual(\u001b[22m\u001b[32mexpected\u001b[39m\u001b[2m)\u001b[22m\n\nExpected value to equal:\n  \u001b[32m\"40px\"\u001b[39m\nReceived:\n  \u001b[31m\"50px\"\u001b[39m\n    at Object.toEqual (/Users/tal/Documents/Projects/css-positioning/.guides/.test/ex-1.test.js:20:67)\n    at Object.asyncJestTest (/Users/tal/Documents/Projects/css-positioning/node_modules/jest-jasmine2/build/jasmine_async.js:108:37)\n    at resolve (/Users/tal/Documents/Projects/css-positioning/node_modules/jest-jasmine2/build/queue_runner.js:56:12)\n    at new Promise (<anonymous>)\n    at mapper (/Users/tal/Documents/Projects/css-positioning/node_modules/jest-jasmine2/build/queue_runner.js:43:19)\n    at promise.then (/Users/tal/Documents/Projects/css-positioning/node_modules/jest-jasmine2/build/queue_runner.js:87:41)\n    at <anonymous>\n    at process._tickCallback (internal/process/next_tick.js:188:7)"],"fullName":".test div should have a margin of 50px to the left","location":null,"numPassingAsserts":0,"status":"failed","title":".test div should have a margin of 50px to the left"}],"sourceMaps":{},"skipped":false,"leaks":false}],"wasInterrupted":false}